<?xml version="1.0" encoding="UTF-8"?>
<testsuite name="test_request_vaccine_tests.TestRequestVacID-20220429105224" tests="8" file="test_request_vaccine_tests.py" time="0.118" timestamp="2022-04-29T10:52:25" failures="0" errors="0" skipped="0">
	<testcase classname="test_request_vaccine_tests.TestRequestVacID" name="test__add_family_valid_request_vaccination" time="0.008" timestamp="2022-04-29T10:52:25"/>
	<testcase classname="test_request_vaccine_tests.TestRequestVacID" name="test__duplicate_valid_request_vaccination" time="0.011" timestamp="2022-04-29T10:52:25"/>
	<testcase classname="test_request_vaccine_tests.TestRequestVacID" name="test_parametrized_not_valid_request_vaccination" time="0.062" timestamp="2022-04-29T10:52:25"/>
	<testcase classname="test_request_vaccine_tests.TestRequestVacID" name="test_parametrized_valid_request_vaccination" time="0.027" timestamp="2022-04-29T10:52:25"/>
	<testcase classname="test_request_vaccine_tests.TestRequestVacID" name="test_request_registration_type_nok" time="0.001" timestamp="2022-04-29T10:52:25"/>
	<testcase classname="test_request_vaccine_tests.TestRequestVacID" name="test_request_vaccination_id_nok_uuid" time="0.002" timestamp="2022-04-29T10:52:25"/>
	<testcase classname="test_request_vaccine_tests.TestRequestVacID" name="test_request_vaccination_id_nok_uuid_2" time="0.001" timestamp="2022-04-29T10:52:25"/>
	<testcase classname="test_request_vaccine_tests.TestRequestVacID" name="test_request_vaccination_id_ok" time="0.006" timestamp="2022-04-29T10:52:25"/>
</testsuite>
