<?xml version="1.0" encoding="UTF-8"?>
<testsuite name="test_singleton_pattern_tests.SingletonTestCases-20220429105224" tests="4" file="test_singleton_pattern_tests.py" time="0.003" timestamp="2022-04-29T10:52:25" failures="0" errors="0" skipped="0">
	<testcase classname="test_singleton_pattern_tests.SingletonTestCases" name="test_appointments_store_singleton" time="0.001" timestamp="2022-04-29T10:52:25"/>
	<testcase classname="test_singleton_pattern_tests.SingletonTestCases" name="test_patients_json_store_singleton" time="0.001" timestamp="2022-04-29T10:52:25"/>
	<testcase classname="test_singleton_pattern_tests.SingletonTestCases" name="test_vaccination_json_store_singleton" time="0.001" timestamp="2022-04-29T10:52:25"/>
	<testcase classname="test_singleton_pattern_tests.SingletonTestCases" name="test_vaccine_manager_singleton" time="0.000" timestamp="2022-04-29T10:52:25"/>
</testsuite>
